<?xml version="1.0" encoding="UTF-8"?>
<robot generator="Robot 6.1.1 (Python 3.11.4 on win32)" generated="20231025 19:08:10.986" rpa="false" schemaversion="4">
<suite id="s1" name="Edit Profile" source="c:\Users\Rabil Fernanda\Documents\dev_orderfaz\login\edit_profile.robot">
<test id="s1-t1" name="open_browser" line="36">
<kw name="Open Browser" library="Selenium2Library">
<arg>${LINK}</arg>
<arg>${BROWSER}</arg>
<doc>Opens a new browser instance to the optional ``url``.</doc>
<msg timestamp="20231025 19:08:12.363" level="INFO">Opening browser 'chrome' to base url 'https://web.orderfaz.com/'.</msg>
<status status="PASS" starttime="20231025 19:08:12.347" endtime="20231025 19:08:28.255"/>
</kw>
<kw name="Maximize Browser Window" library="Selenium2Library">
<doc>Maximizes current browser window.</doc>
<status status="PASS" starttime="20231025 19:08:28.259" endtime="20231025 19:08:28.401"/>
</kw>
<kw name="Sleep" library="BuiltIn">
<arg>3</arg>
<doc>Pauses the test executed for the given time.</doc>
<msg timestamp="20231025 19:08:31.407" level="INFO">Slept 3 seconds</msg>
<status status="PASS" starttime="20231025 19:08:28.404" endtime="20231025 19:08:31.407"/>
</kw>
<status status="PASS" starttime="20231025 19:08:12.345" endtime="20231025 19:08:31.407"/>
</test>
<test id="s1-t2" name="Input Data Email" line="40">
<kw name="Input Text" library="Selenium2Library">
<arg>${text_email_login}</arg>
<arg>testing8indo@harakirimail.com</arg>
<doc>Types the given ``text`` into the text field identified by ``locator``.</doc>
<msg timestamp="20231025 19:08:31.457" level="INFO">Typing text 'testing8indo@harakirimail.com' into text field 'xpath=/html//div[@id='app']//form//input[@type='text']'.</msg>
<status status="PASS" starttime="20231025 19:08:31.449" endtime="20231025 19:08:31.807"/>
</kw>
<status status="PASS" starttime="20231025 19:08:31.439" endtime="20231025 19:08:31.813"/>
</test>
<test id="s1-t3" name="Input Data Password" line="42">
<kw name="Input Password" library="Selenium2Library">
<arg>${text_password_login}</arg>
<arg>${password}</arg>
<doc>Types the given password into the text field identified by ``locator``.</doc>
<msg timestamp="20231025 19:08:31.874" level="INFO">Typing password into text field 'xpath=/html//input[@id='password']'.</msg>
<msg timestamp="20231025 19:08:31.996" level="INFO">Temporally setting log level to: NONE</msg>
<msg timestamp="20231025 19:08:32.156" level="INFO">Log level changed from NONE to INFO.</msg>
<status status="PASS" starttime="20231025 19:08:31.845" endtime="20231025 19:08:32.156"/>
</kw>
<kw name="Sleep" library="BuiltIn">
<arg>3</arg>
<doc>Pauses the test executed for the given time.</doc>
<msg timestamp="20231025 19:08:35.156" level="INFO">Slept 3 seconds</msg>
<status status="PASS" starttime="20231025 19:08:32.156" endtime="20231025 19:08:35.156"/>
</kw>
<status status="PASS" starttime="20231025 19:08:31.821" endtime="20231025 19:08:35.156"/>
</test>
<test id="s1-t4" name="Click Button Masuk" line="45">
<kw name="Click Button" library="Selenium2Library">
<arg>${button_masuk_login}</arg>
<doc>Clicks the button identified by ``locator``.</doc>
<msg timestamp="20231025 19:08:35.212" level="INFO">Clicking button 'xpath=//*[@id="app"]/div/div[3]/form/div[2]/button[1]'.</msg>
<status status="PASS" starttime="20231025 19:08:35.196" endtime="20231025 19:08:35.407"/>
</kw>
<kw name="Sleep" library="BuiltIn">
<arg>3</arg>
<doc>Pauses the test executed for the given time.</doc>
<msg timestamp="20231025 19:08:38.416" level="INFO">Slept 3 seconds</msg>
<status status="PASS" starttime="20231025 19:08:35.413" endtime="20231025 19:08:38.418"/>
</kw>
<status status="PASS" starttime="20231025 19:08:35.182" endtime="20231025 19:08:38.428"/>
</test>
<test id="s1-t5" name="Close Dialog Panel" line="48">
<kw name="Wait Until Element Contains" library="Selenium2Library">
<arg>${dialog_message}</arg>
<arg>Penawaran Spesial Saat Ini</arg>
<doc>Waits until the element ``locator`` contains ``text``.</doc>
<status status="PASS" starttime="20231025 19:08:38.456" endtime="20231025 19:08:41.429"/>
</kw>
<kw name="Click Element" library="Selenium2Library">
<arg>${button_close_dialoge_message}</arg>
<doc>Click the element identified by ``locator``.</doc>
<msg timestamp="20231025 19:08:41.438" level="INFO">Clicking element 'xpath=//*[@id="headlessui-dialog-panel-14"]/div[3]/button'.</msg>
<status status="PASS" starttime="20231025 19:08:41.433" endtime="20231025 19:08:41.693"/>
</kw>
<kw name="Sleep" library="BuiltIn">
<arg>3</arg>
<doc>Pauses the test executed for the given time.</doc>
<msg timestamp="20231025 19:08:44.701" level="INFO">Slept 3 seconds</msg>
<status status="PASS" starttime="20231025 19:08:41.699" endtime="20231025 19:08:44.701"/>
</kw>
<status status="PASS" starttime="20231025 19:08:38.445" endtime="20231025 19:08:44.701"/>
</test>
<test id="s1-t6" name="Menu Profile" line="52">
<kw name="Click Element" library="Selenium2Library">
<arg>${button_menu_profile}</arg>
<doc>Click the element identified by ``locator``.</doc>
<msg timestamp="20231025 19:08:44.744" level="INFO">Clicking element 'xpath=//*[@id="headlessui-menu-button-3"]'.</msg>
<status status="PASS" starttime="20231025 19:08:44.727" endtime="20231025 19:08:44.892"/>
</kw>
<kw name="Sleep" library="BuiltIn">
<arg>1</arg>
<doc>Pauses the test executed for the given time.</doc>
<msg timestamp="20231025 19:08:45.899" level="INFO">Slept 1 second</msg>
<status status="PASS" starttime="20231025 19:08:44.896" endtime="20231025 19:08:45.899"/>
</kw>
<kw name="Click Element" library="Selenium2Library">
<arg>${menu_profile}</arg>
<doc>Click the element identified by ``locator``.</doc>
<msg timestamp="20231025 19:08:45.921" level="INFO">Clicking element 'xpath=//*[@id="headlessui-menu-items-17"]/div/div[1]/button[1]'.</msg>
<status status="PASS" starttime="20231025 19:08:45.899" endtime="20231025 19:08:46.079"/>
</kw>
<kw name="Sleep" library="BuiltIn">
<arg>3</arg>
<doc>Pauses the test executed for the given time.</doc>
<msg timestamp="20231025 19:08:49.084" level="INFO">Slept 3 seconds</msg>
<status status="PASS" starttime="20231025 19:08:46.081" endtime="20231025 19:08:49.084"/>
</kw>
<kw name="Click Element" library="Selenium2Library">
<arg>${btn_full_name}</arg>
<doc>Click the element identified by ``locator``.</doc>
<msg timestamp="20231025 19:08:49.100" level="INFO">Clicking element 'xpath=//*[@id="app"]/div/div[5]/div/div[2]/div[2]/div/div[1]/div/button'.</msg>
<status status="PASS" starttime="20231025 19:08:49.084" endtime="20231025 19:08:49.284"/>
</kw>
<kw name="Press Keys" library="Selenium2Library">
<arg>${edit_full_name}</arg>
<arg>CTRL+a BACKSPACE</arg>
<doc>Simulates the user pressing key(s) to an element or on the active browser.</doc>
<msg timestamp="20231025 19:08:49.287" level="INFO">Sending key(s) ('CTRL+a BACKSPACE',) to xpath=/html//div[@id='headlessui-portal-root']/div//div[@role='dialog']//div[@class='flex items-center justify-center min-h-full p-4 text-center']/div//input[@type='text'] element.</msg>
<msg timestamp="20231025 19:08:49.696" level="INFO">Pressing special key CONTROL down.</msg>
<msg timestamp="20231025 19:08:49.696" level="INFO">Sending keys a BACKSPACE</msg>
<msg timestamp="20231025 19:08:49.696" level="INFO">Releasing special key CONTROL.</msg>
<status status="PASS" starttime="20231025 19:08:49.287" endtime="20231025 19:08:49.842"/>
</kw>
<kw name="Input Text" library="Selenium2Library">
<arg>${edit_full_name}</arg>
<arg>Akun Testing</arg>
<doc>Types the given ``text`` into the text field identified by ``locator``.</doc>
<msg timestamp="20231025 19:08:49.860" level="INFO">Typing text 'Akun Testing' into text field 'xpath=/html//div[@id='headlessui-portal-root']/div//div[@role='dialog']//div[@class='flex items-center justify-center min-h-full p-4 text-center']/div//input[@type='text']'.</msg>
<status status="PASS" starttime="20231025 19:08:49.842" endtime="20231025 19:08:50.087"/>
</kw>
<kw name="Sleep" library="BuiltIn">
<arg>2</arg>
<doc>Pauses the test executed for the given time.</doc>
<msg timestamp="20231025 19:08:52.087" level="INFO">Slept 2 seconds</msg>
<status status="PASS" starttime="20231025 19:08:50.087" endtime="20231025 19:08:52.087"/>
</kw>
<kw name="Click Button" library="Selenium2Library">
<arg>${btn_simpan_full_name}</arg>
<doc>Clicks the button identified by ``locator``.</doc>
<msg timestamp="20231025 19:08:52.087" level="INFO">Clicking button 'xpath=/html//div[@id='headlessui-portal-root']//div[@role='dialog']//div[@class='flex items-center justify-center min-h-full p-4 text-center']/div/div[@class='flex justify-end p-5']/button[@type='button']'.</msg>
<status status="PASS" starttime="20231025 19:08:52.087" endtime="20231025 19:08:52.272"/>
</kw>
<kw name="Close Browser" library="Selenium2Library">
<doc>Closes the current browser.</doc>
<status status="PASS" starttime="20231025 19:08:52.300" endtime="20231025 19:08:55.489"/>
</kw>
<status status="PASS" starttime="20231025 19:08:44.718" endtime="20231025 19:08:55.492"/>
</test>
<status status="PASS" starttime="20231025 19:08:11.077" endtime="20231025 19:08:55.501"/>
</suite>
<statistics>
<total>
<stat pass="6" fail="0" skip="0">All Tests</stat>
</total>
<tag>
</tag>
<suite>
<stat pass="6" fail="0" skip="0" id="s1" name="Edit Profile">Edit Profile</stat>
</suite>
</statistics>
<errors>
</errors>
</robot>
